<?xml version="1.0" encoding="UTF-8"?>
<testng-results ignored="0" total="3" passed="3" failed="0" skipped="0">
  <reporter-output>
  </reporter-output>
  <suite started-at="2025-03-06T08:29:11 PST" name="Surefire suite" finished-at="2025-03-06T08:29:24 PST" duration-ms="12944">
    <groups>
      <group name="cucumber">
        <method signature="AbstractTestNGCucumberTests.runScenario(io.cucumber.testng.PickleWrapper,io.cucumber.testng.FeatureWrapper)[pri:0, instance:com.labcorp.runners.TestRunner@1b68b9a4]" name="runScenario" class="io.cucumber.testng.AbstractTestNGCucumberTests"/>
      </group> <!-- cucumber -->
    </groups>
    <test started-at="2025-03-06T08:29:11 PST" name="Surefire test" finished-at="2025-03-06T08:29:24 PST" duration-ms="12944">
      <class name="com.labcorp.runners.TestRunner">
        <test-method is-config="true" signature="setUpClass(org.testng.ITestContext)[pri:0, instance:com.labcorp.runners.TestRunner@1b68b9a4]" started-at="2025-03-06T08:29:11 PST" name="setUpClass" finished-at="2025-03-06T08:29:11 PST" duration-ms="276" status="PASS">
          <params>
            <param index="0">
              <value>
                <![CDATA[org.testng.TestRunner@6f15f52a]]>
              </value>
            </param>
          </params>
          <reporter-output>
          </reporter-output>
        </test-method> <!-- setUpClass -->
        <test-method signature="runScenario(io.cucumber.testng.PickleWrapper,io.cucumber.testng.FeatureWrapper)[pri:0, instance:com.labcorp.runners.TestRunner@1b68b9a4]" started-at="2025-03-06T08:29:11 PST" name="runScenario" description="Runs Cucumber Scenarios" data-provider="scenarios" finished-at="2025-03-06T08:29:12 PST" duration-ms="844" status="PASS">
          <params>
            <param index="0">
              <value>
                <![CDATA["Validate GET Request Response"]]>
              </value>
            </param>
            <param index="1">
              <value>
                <![CDATA["API Testing with REST Assured and TestNG"]]>
              </value>
            </param>
          </params>
          <reporter-output>
          </reporter-output>
        </test-method> <!-- runScenario -->
        <test-method signature="runScenario(io.cucumber.testng.PickleWrapper,io.cucumber.testng.FeatureWrapper)[pri:0, instance:com.labcorp.runners.TestRunner@1b68b9a4]" started-at="2025-03-06T08:29:12 PST" name="runScenario" description="Runs Cucumber Scenarios" data-provider="scenarios" finished-at="2025-03-06T08:29:12 PST" duration-ms="108" status="PASS">
          <params>
            <param index="0">
              <value>
                <![CDATA["Validate POST Request with Order Data"]]>
              </value>
            </param>
            <param index="1">
              <value>
                <![CDATA["API Testing with REST Assured and TestNG"]]>
              </value>
            </param>
          </params>
          <reporter-output>
          </reporter-output>
        </test-method> <!-- runScenario -->
        <test-method signature="runScenario(io.cucumber.testng.PickleWrapper,io.cucumber.testng.FeatureWrapper)[pri:0, instance:com.labcorp.runners.TestRunner@1b68b9a4]" started-at="2025-03-06T08:29:12 PST" name="runScenario" description="Runs Cucumber Scenarios" data-provider="scenarios" finished-at="2025-03-06T08:29:24 PST" duration-ms="11685" status="PASS">
          <params>
            <param index="0">
              <value>
                <![CDATA["Search and Validate a LabCorp Job Posting"]]>
              </value>
            </param>
            <param index="1">
              <value>
                <![CDATA["LabCorp Job Search and Validation"]]>
              </value>
            </param>
          </params>
          <reporter-output>
          </reporter-output>
        </test-method> <!-- runScenario -->
        <test-method is-config="true" signature="tearDownClass()[pri:0, instance:com.labcorp.runners.TestRunner@1b68b9a4]" started-at="2025-03-06T08:29:24 PST" name="tearDownClass" finished-at="2025-03-06T08:29:24 PST" duration-ms="14" status="PASS">
          <reporter-output>
          </reporter-output>
        </test-method> <!-- tearDownClass -->
      </class> <!-- com.labcorp.runners.TestRunner -->
    </test> <!-- Surefire test -->
  </suite> <!-- Surefire suite -->
</testng-results>
