<?xml version="1.0" encoding="UTF-8"?>
<testsuite xmlns:xsi="http://www.w3.org/2001/XMLSchema-instance" xsi:noNamespaceSchemaLocation="https://maven.apache.org/surefire/maven-surefire-plugin/xsd/surefire-test-report.xsd" name="com.labcorp.runners.TestRunner" time="16.745" tests="3" errors="0" skipped="0" failures="0">
  <properties>
[...]
</properties>
  <testcase name="runScenario" classname="com.labcorp.runners.TestRunner" time="0.738"/>
  <testcase name="runScenario" classname="com.labcorp.runners.TestRunner" time="0.342"/>
  <testcase name="runScenario" classname="com.labcorp.runners.TestRunner" time="15.304"/>
</testsuite>